2024-05-04T17:51:09.924+05:30  INFO 29920 --- [ibm-springboot-demo] [restartedMain] com.ibm.springboot.demo.App              : Starting App using Java 17.0.10 with PID 29920 (C:\STS\Workspace\ibm-springboot-demo\ibm-springboot-demo\target\classes started by IshwarWani in C:\STS\Workspace\ibm-springboot-demo\ibm-springboot-demo)
2024-05-04T17:51:09.933+05:30  INFO 29920 --- [ibm-springboot-demo] [restartedMain] com.ibm.springboot.demo.App              : No active profile set, falling back to 1 default profile: "default"
2024-05-04T17:51:10.003+05:30  INFO 29920 --- [ibm-springboot-demo] [restartedMain] .e.DevToolsPropertyDefaultsPostProcessor : Devtools property defaults active! Set 'spring.devtools.add-properties' to 'false' to disable
2024-05-04T17:51:10.005+05:30  INFO 29920 --- [ibm-springboot-demo] [restartedMain] .e.DevToolsPropertyDefaultsPostProcessor : For additional web related logging consider setting the 'logging.level.web' property to 'DEBUG'
2024-05-04T17:51:11.442+05:30  INFO 29920 --- [ibm-springboot-demo] [restartedMain] .s.d.r.c.RepositoryConfigurationDelegate : Bootstrapping Spring Data MongoDB repositories in DEFAULT mode.
2024-05-04T17:51:11.516+05:30  INFO 29920 --- [ibm-springboot-demo] [restartedMain] .s.d.r.c.RepositoryConfigurationDelegate : Finished Spring Data repository scanning in 65 ms. Found 2 MongoDB repository interfaces.
2024-05-04T17:51:12.637+05:30  INFO 29920 --- [ibm-springboot-demo] [restartedMain] o.s.b.w.embedded.tomcat.TomcatWebServer  : Tomcat initialized with port 8090 (http)
2024-05-04T17:51:12.655+05:30  INFO 29920 --- [ibm-springboot-demo] [restartedMain] o.apache.catalina.core.StandardService   : Starting service [Tomcat]
2024-05-04T17:51:12.656+05:30  INFO 29920 --- [ibm-springboot-demo] [restartedMain] o.apache.catalina.core.StandardEngine    : Starting Servlet engine: [Apache Tomcat/10.1.19]
2024-05-04T17:51:12.750+05:30  INFO 29920 --- [ibm-springboot-demo] [restartedMain] o.a.c.c.C.[Tomcat].[localhost].[/]       : Initializing Spring embedded WebApplicationContext
2024-05-04T17:51:12.751+05:30  INFO 29920 --- [ibm-springboot-demo] [restartedMain] w.s.c.ServletWebServerApplicationContext : Root WebApplicationContext: initialization completed in 2745 ms
2024-05-04T17:51:13.121+05:30  INFO 29920 --- [ibm-springboot-demo] [restartedMain] f.a.AutowiredAnnotationBeanPostProcessor : Autowired annotation is not supported on static fields: private static final org.slf4j.Logger com.ibm.springboot.demo.App.LOG
2024-05-04T17:51:13.448+05:30  INFO 29920 --- [ibm-springboot-demo] [restartedMain] org.mongodb.driver.client                : MongoClient with metadata {"driver": {"name": "mongo-java-driver|sync|spring-boot", "version": "4.11.1"}, "os": {"type": "Windows", "name": "Windows 11", "architecture": "amd64", "version": "10.0"}, "platform": "Java/Eclipse Adoptium/17.0.10+7"} created with settings MongoClientSettings{readPreference=primary, writeConcern=WriteConcern{w=null, wTimeout=null ms, journal=null}, retryWrites=true, retryReads=true, readConcern=ReadConcern{level=null}, credential=null, transportSettings=null, streamFactoryFactory=null, commandListeners=[io.micrometer.core.instrument.binder.mongodb.MongoMetricsCommandListener@64db06eb], codecRegistry=ProvidersCodecRegistry{codecProviders=[ValueCodecProvider{}, BsonValueCodecProvider{}, DBRefCodecProvider{}, DBObjectCodecProvider{}, DocumentCodecProvider{}, CollectionCodecProvider{}, IterableCodecProvider{}, MapCodecProvider{}, GeoJsonCodecProvider{}, GridFSFileCodecProvider{}, Jsr310CodecProvider{}, JsonObjectCodecProvider{}, BsonCodecProvider{}, EnumCodecProvider{}, com.mongodb.client.model.mql.ExpressionCodecProvider@31a5707b, com.mongodb.Jep395RecordCodecProvider@2d375a03, com.mongodb.KotlinCodecProvider@c06e895]}, loggerSettings=LoggerSettings{maxDocumentLength=1000}, clusterSettings={hosts=[localhost:27017], srvServiceName=mongodb, mode=SINGLE, requiredClusterType=UNKNOWN, requiredReplicaSetName='null', serverSelector='null', clusterListeners='[]', serverSelectionTimeout='30000 ms', localThreshold='15 ms'}, socketSettings=SocketSettings{connectTimeoutMS=10000, readTimeoutMS=0, receiveBufferSize=0, proxySettings=ProxySettings{host=null, port=null, username=null, password=null}}, heartbeatSocketSettings=SocketSettings{connectTimeoutMS=10000, readTimeoutMS=10000, receiveBufferSize=0, proxySettings=ProxySettings{host=null, port=null, username=null, password=null}}, connectionPoolSettings=ConnectionPoolSettings{maxSize=100, minSize=0, maxWaitTimeMS=120000, maxConnectionLifeTimeMS=0, maxConnectionIdleTimeMS=0, maintenanceInitialDelayMS=0, maintenanceFrequencyMS=60000, connectionPoolListeners=[io.micrometer.core.instrument.binder.mongodb.MongoMetricsConnectionPoolListener@30564ba0], maxConnecting=2}, serverSettings=ServerSettings{heartbeatFrequencyMS=10000, minHeartbeatFrequencyMS=500, serverListeners='[]', serverMonitorListeners='[]'}, sslSettings=SslSettings{enabled=false, invalidHostNameAllowed=false, context=null}, applicationName='null', compressorList=[], uuidRepresentation=JAVA_LEGACY, serverApi=null, autoEncryptionSettings=null, dnsClient=null, inetAddressResolver=null, contextProvider=null}
2024-05-04T17:51:13.492+05:30  INFO 29920 --- [ibm-springboot-demo] [cluster-ClusterId{value='663628392758651f5f3cd178', description='null'}-localhost:27017] org.mongodb.driver.cluster               : Monitor thread successfully connected to server with description ServerDescription{address=localhost:27017, type=STANDALONE, state=CONNECTED, ok=true, minWireVersion=0, maxWireVersion=21, maxDocumentSize=16777216, logicalSessionTimeoutMinutes=30, roundTripTimeNanos=53051200}
2024-05-04T17:51:13.778+05:30  INFO 29920 --- [ibm-springboot-demo] [restartedMain] o.s.b.d.a.OptionalLiveReloadServer       : LiveReload server is running on port 35729
2024-05-04T17:51:16.382+05:30  INFO 29920 --- [ibm-springboot-demo] [restartedMain] o.s.b.a.e.web.EndpointLinksResolver      : Exposing 15 endpoint(s) beneath base path '/actuator'
2024-05-04T17:51:16.511+05:30  INFO 29920 --- [ibm-springboot-demo] [restartedMain] o.s.b.w.embedded.tomcat.TomcatWebServer  : Tomcat started on port 8090 (http) with context path ''
2024-05-04T17:51:16.536+05:30  INFO 29920 --- [ibm-springboot-demo] [restartedMain] com.ibm.springboot.demo.App              : Started App in 7.108 seconds (process running for 8.178)
2024-05-04T17:51:17.713+05:30  INFO 29920 --- [ibm-springboot-demo] [RMI TCP Connection(3)-127.0.0.1] o.a.c.c.C.[Tomcat].[localhost].[/]       : Initializing Spring DispatcherServlet 'dispatcherServlet'
2024-05-04T17:51:17.713+05:30  INFO 29920 --- [ibm-springboot-demo] [RMI TCP Connection(3)-127.0.0.1] o.s.web.servlet.DispatcherServlet        : Initializing Servlet 'dispatcherServlet'
2024-05-04T17:51:17.717+05:30  INFO 29920 --- [ibm-springboot-demo] [RMI TCP Connection(3)-127.0.0.1] o.s.web.servlet.DispatcherServlet        : Completed initialization in 3 ms
2024-05-04T17:53:57.870+05:30  INFO 29920 --- [ibm-springboot-demo] [http-nio-8090-exec-1] c.i.s.demo.aspect.EmployeeServiceAspect  : Before a method from EmployeeServiceImpl was invoked.
2024-05-04T17:53:57.872+05:30  INFO 29920 --- [ibm-springboot-demo] [http-nio-8090-exec-1] c.i.s.demo.service.EmployeeServiceImpl   : getAllEmployees
2024-05-04T17:53:58.410+05:30  INFO 29920 --- [ibm-springboot-demo] [http-nio-8090-exec-1] c.i.s.demo.aspect.EmployeeServiceAspect  : AfterReturing a method from EmployeeServiceImpl was invoked.
2024-05-04T17:53:58.411+05:30  INFO 29920 --- [ibm-springboot-demo] [http-nio-8090-exec-1] c.i.s.demo.aspect.EmployeeServiceAspect  : After a method from EmployeeServiceImpl was invoked.
2024-05-04T17:54:30.781+05:30  WARN 29920 --- [ibm-springboot-demo] [http-nio-8090-exec-3] .w.s.m.s.DefaultHandlerExceptionResolver : Resolved [org.springframework.web.HttpRequestMethodNotSupportedException: Request method 'POST' is not supported]
2024-05-04T17:54:39.084+05:30  INFO 29920 --- [ibm-springboot-demo] [http-nio-8090-exec-4] c.i.s.demo.aspect.EmployeeServiceAspect  : Before a method from EmployeeServiceImpl was invoked.
2024-05-04T17:54:39.085+05:30  INFO 29920 --- [ibm-springboot-demo] [http-nio-8090-exec-4] c.i.s.demo.service.EmployeeServiceImpl   : getAllEmployees
2024-05-04T17:54:39.092+05:30  INFO 29920 --- [ibm-springboot-demo] [http-nio-8090-exec-4] c.i.s.demo.aspect.EmployeeServiceAspect  : AfterReturing a method from EmployeeServiceImpl was invoked.
2024-05-04T17:54:39.092+05:30  INFO 29920 --- [ibm-springboot-demo] [http-nio-8090-exec-4] c.i.s.demo.aspect.EmployeeServiceAspect  : After a method from EmployeeServiceImpl was invoked.
2024-05-04T17:55:47.974+05:30  INFO 29920 --- [ibm-springboot-demo] [http-nio-8090-exec-9] c.i.s.demo.aspect.EmployeeServiceAspect  : Before a method from EmployeeServiceImpl was invoked.
2024-05-04T17:55:47.979+05:30  INFO 29920 --- [ibm-springboot-demo] [http-nio-8090-exec-9] c.i.s.demo.service.EmployeeServiceImpl   : Employee [employeeId=662f69efca9ac58a23c18b92, firstName=Kartik, salary=508883.0]
2024-05-04T17:55:48.061+05:30  INFO 29920 --- [ibm-springboot-demo] [http-nio-8090-exec-9] c.i.s.demo.aspect.EmployeeServiceAspect  : AfterReturing a method from EmployeeServiceImpl was invoked.
2024-05-04T17:55:48.061+05:30  INFO 29920 --- [ibm-springboot-demo] [http-nio-8090-exec-9] c.i.s.demo.aspect.EmployeeServiceAspect  : After a method from EmployeeServiceImpl was invoked.
2024-05-04T19:09:35.366+05:30  INFO 29920 --- [ibm-springboot-demo] [File Watcher] rtingClassPathChangeChangedEventListener : Restarting due to 1 class path change (0 additions, 0 deletions, 1 modification)
2024-05-04T19:09:35.522+05:30  INFO 29920 --- [ibm-springboot-demo] [restartedMain] com.ibm.springboot.demo.App              : Starting.....
2024-05-04T19:09:35.522+05:30  WARN 29920 --- [ibm-springboot-demo] [restartedMain] com.ibm.springboot.demo.App              : It's a warning........
2024-05-04T19:09:35.522+05:30 ERROR 29920 --- [ibm-springboot-demo] [restartedMain] com.ibm.springboot.demo.App              : It's an error.........
2024-05-04T19:09:35.590+05:30  INFO 29920 --- [ibm-springboot-demo] [restartedMain] com.ibm.springboot.demo.App              : Starting App using Java 17.0.10 with PID 29920 (C:\STS\Workspace\ibm-springboot-demo\ibm-springboot-demo\target\classes started by IshwarWani in C:\STS\Workspace\ibm-springboot-demo\ibm-springboot-demo)
2024-05-04T19:09:35.590+05:30  INFO 29920 --- [ibm-springboot-demo] [restartedMain] com.ibm.springboot.demo.App              : No active profile set, falling back to 1 default profile: "default"
2024-05-04T19:09:36.529+05:30  INFO 29920 --- [ibm-springboot-demo] [restartedMain] .s.d.r.c.RepositoryConfigurationDelegate : Bootstrapping Spring Data MongoDB repositories in DEFAULT mode.
2024-05-04T19:09:36.546+05:30  INFO 29920 --- [ibm-springboot-demo] [restartedMain] .s.d.r.c.RepositoryConfigurationDelegate : Finished Spring Data repository scanning in 16 ms. Found 2 MongoDB repository interfaces.
2024-05-04T19:09:36.862+05:30  INFO 29920 --- [ibm-springboot-demo] [restartedMain] o.s.b.w.embedded.tomcat.TomcatWebServer  : Tomcat initialized with port 8090 (http)
2024-05-04T19:09:36.863+05:30  INFO 29920 --- [ibm-springboot-demo] [restartedMain] o.apache.catalina.core.StandardService   : Starting service [Tomcat]
2024-05-04T19:09:36.865+05:30  INFO 29920 --- [ibm-springboot-demo] [restartedMain] o.apache.catalina.core.StandardEngine    : Starting Servlet engine: [Apache Tomcat/10.1.19]
2024-05-04T19:09:36.893+05:30  INFO 29920 --- [ibm-springboot-demo] [restartedMain] o.a.c.c.C.[Tomcat].[localhost].[/]       : Initializing Spring embedded WebApplicationContext
2024-05-04T19:09:36.894+05:30  INFO 29920 --- [ibm-springboot-demo] [restartedMain] w.s.c.ServletWebServerApplicationContext : Root WebApplicationContext: initialization completed in 1300 ms
2024-05-04T19:09:37.078+05:30  INFO 29920 --- [ibm-springboot-demo] [restartedMain] f.a.AutowiredAnnotationBeanPostProcessor : Autowired annotation is not supported on static fields: private static final org.slf4j.Logger com.ibm.springboot.demo.App.LOG
2024-05-04T19:09:37.183+05:30  INFO 29920 --- [ibm-springboot-demo] [restartedMain] org.mongodb.driver.client                : MongoClient with metadata {"driver": {"name": "mongo-java-driver|sync|spring-boot", "version": "4.11.1"}, "os": {"type": "Windows", "name": "Windows 11", "architecture": "amd64", "version": "10.0"}, "platform": "Java/Eclipse Adoptium/17.0.10+7"} created with settings MongoClientSettings{readPreference=primary, writeConcern=WriteConcern{w=null, wTimeout=null ms, journal=null}, retryWrites=true, retryReads=true, readConcern=ReadConcern{level=null}, credential=null, transportSettings=null, streamFactoryFactory=null, commandListeners=[io.micrometer.core.instrument.binder.mongodb.MongoMetricsCommandListener@6bc1b8c1], codecRegistry=ProvidersCodecRegistry{codecProviders=[ValueCodecProvider{}, BsonValueCodecProvider{}, DBRefCodecProvider{}, DBObjectCodecProvider{}, DocumentCodecProvider{}, CollectionCodecProvider{}, IterableCodecProvider{}, MapCodecProvider{}, GeoJsonCodecProvider{}, GridFSFileCodecProvider{}, Jsr310CodecProvider{}, JsonObjectCodecProvider{}, BsonCodecProvider{}, EnumCodecProvider{}, com.mongodb.client.model.mql.ExpressionCodecProvider@31a5707b, com.mongodb.Jep395RecordCodecProvider@2d375a03, com.mongodb.KotlinCodecProvider@c06e895]}, loggerSettings=LoggerSettings{maxDocumentLength=1000}, clusterSettings={hosts=[localhost:27017], srvServiceName=mongodb, mode=SINGLE, requiredClusterType=UNKNOWN, requiredReplicaSetName='null', serverSelector='null', clusterListeners='[]', serverSelectionTimeout='30000 ms', localThreshold='15 ms'}, socketSettings=SocketSettings{connectTimeoutMS=10000, readTimeoutMS=0, receiveBufferSize=0, proxySettings=ProxySettings{host=null, port=null, username=null, password=null}}, heartbeatSocketSettings=SocketSettings{connectTimeoutMS=10000, readTimeoutMS=10000, receiveBufferSize=0, proxySettings=ProxySettings{host=null, port=null, username=null, password=null}}, connectionPoolSettings=ConnectionPoolSettings{maxSize=100, minSize=0, maxWaitTimeMS=120000, maxConnectionLifeTimeMS=0, maxConnectionIdleTimeMS=0, maintenanceInitialDelayMS=0, maintenanceFrequencyMS=60000, connectionPoolListeners=[io.micrometer.core.instrument.binder.mongodb.MongoMetricsConnectionPoolListener@1ce77abe], maxConnecting=2}, serverSettings=ServerSettings{heartbeatFrequencyMS=10000, minHeartbeatFrequencyMS=500, serverListeners='[]', serverMonitorListeners='[]'}, sslSettings=SslSettings{enabled=false, invalidHostNameAllowed=false, context=null}, applicationName='null', compressorList=[], uuidRepresentation=JAVA_LEGACY, serverApi=null, autoEncryptionSettings=null, dnsClient=null, inetAddressResolver=null, contextProvider=null}
2024-05-04T19:09:37.192+05:30  INFO 29920 --- [ibm-springboot-demo] [cluster-ClusterId{value='66363a992758651f5f3cd179', description='null'}-localhost:27017] org.mongodb.driver.cluster               : Monitor thread successfully connected to server with description ServerDescription{address=localhost:27017, type=STANDALONE, state=CONNECTED, ok=true, minWireVersion=0, maxWireVersion=21, maxDocumentSize=16777216, logicalSessionTimeoutMinutes=30, roundTripTimeNanos=4582400}
2024-05-04T19:09:37.331+05:30  INFO 29920 --- [ibm-springboot-demo] [restartedMain] o.s.b.d.a.OptionalLiveReloadServer       : LiveReload server is running on port 35729
2024-05-04T19:09:39.181+05:30  INFO 29920 --- [ibm-springboot-demo] [restartedMain] o.s.b.a.e.web.EndpointLinksResolver      : Exposing 15 endpoint(s) beneath base path '/actuator'
2024-05-04T19:09:39.244+05:30  INFO 29920 --- [ibm-springboot-demo] [restartedMain] o.s.b.w.embedded.tomcat.TomcatWebServer  : Tomcat started on port 8090 (http) with context path ''
2024-05-04T19:09:39.262+05:30  INFO 29920 --- [ibm-springboot-demo] [restartedMain] com.ibm.springboot.demo.App              : Started App in 3.734 seconds (process running for 4710.904)
2024-05-04T19:09:39.267+05:30  INFO 29920 --- [ibm-springboot-demo] [restartedMain] .ConditionEvaluationDeltaLoggingListener : Condition evaluation unchanged
2024-05-04T19:11:36.168+05:30  INFO 29920 --- [ibm-springboot-demo] [http-nio-8090-exec-2] o.a.c.c.C.[Tomcat].[localhost].[/]       : Initializing Spring DispatcherServlet 'dispatcherServlet'
2024-05-04T19:11:36.169+05:30  INFO 29920 --- [ibm-springboot-demo] [http-nio-8090-exec-2] o.s.web.servlet.DispatcherServlet        : Initializing Servlet 'dispatcherServlet'
2024-05-04T19:11:36.171+05:30  INFO 29920 --- [ibm-springboot-demo] [http-nio-8090-exec-2] o.s.web.servlet.DispatcherServlet        : Completed initialization in 1 ms
2024-05-04T19:11:36.182+05:30 ERROR 29920 --- [ibm-springboot-demo] [http-nio-8090-exec-2] o.a.c.c.C.[.[.[/].[dispatcherServlet]    : Servlet.service() for servlet [dispatcherServlet] in context with path [] threw exception [Handler dispatch failed: java.lang.Error: Unresolved compilation problem: 
	The method getLastName() is undefined for the type Employee
] with root cause

java.lang.Error: Unresolved compilation problem: 
	The method getLastName() is undefined for the type Employee

	at com.ibm.springboot.demo.controller.EmployeeController.updateEmp(EmployeeController.java:76) ~[classes/:na]
	at java.base/jdk.internal.reflect.NativeMethodAccessorImpl.invoke0(Native Method) ~[na:na]
	at java.base/jdk.internal.reflect.NativeMethodAccessorImpl.invoke(NativeMethodAccessorImpl.java:77) ~[na:na]
	at java.base/jdk.internal.reflect.DelegatingMethodAccessorImpl.invoke(DelegatingMethodAccessorImpl.java:43) ~[na:na]
	at java.base/java.lang.reflect.Method.invoke(Method.java:568) ~[na:na]
	at org.springframework.web.method.support.InvocableHandlerMethod.doInvoke(InvocableHandlerMethod.java:255) ~[spring-web-6.1.5.jar:6.1.5]
	at org.springframework.web.method.support.InvocableHandlerMethod.invokeForRequest(InvocableHandlerMethod.java:188) ~[spring-web-6.1.5.jar:6.1.5]
	at org.springframework.web.servlet.mvc.method.annotation.ServletInvocableHandlerMethod.invokeAndHandle(ServletInvocableHandlerMethod.java:118) ~[spring-webmvc-6.1.5.jar:6.1.5]
	at org.springframework.web.servlet.mvc.method.annotation.RequestMappingHandlerAdapter.invokeHandlerMethod(RequestMappingHandlerAdapter.java:925) ~[spring-webmvc-6.1.5.jar:6.1.5]
	at org.springframework.web.servlet.mvc.method.annotation.RequestMappingHandlerAdapter.handleInternal(RequestMappingHandlerAdapter.java:830) ~[spring-webmvc-6.1.5.jar:6.1.5]
	at org.springframework.web.servlet.mvc.method.AbstractHandlerMethodAdapter.handle(AbstractHandlerMethodAdapter.java:87) ~[spring-webmvc-6.1.5.jar:6.1.5]
	at org.springframework.web.servlet.DispatcherServlet.doDispatch(DispatcherServlet.java:1089) ~[spring-webmvc-6.1.5.jar:6.1.5]
	at org.springframework.web.servlet.DispatcherServlet.doService(DispatcherServlet.java:979) ~[spring-webmvc-6.1.5.jar:6.1.5]
	at org.springframework.web.servlet.FrameworkServlet.processRequest(FrameworkServlet.java:1014) ~[spring-webmvc-6.1.5.jar:6.1.5]
	at org.springframework.web.servlet.FrameworkServlet.doPut(FrameworkServlet.java:925) ~[spring-webmvc-6.1.5.jar:6.1.5]
	at jakarta.servlet.http.HttpServlet.service(HttpServlet.java:593) ~[tomcat-embed-core-10.1.19.jar:6.0]
	at org.springframework.web.servlet.FrameworkServlet.service(FrameworkServlet.java:885) ~[spring-webmvc-6.1.5.jar:6.1.5]
	at jakarta.servlet.http.HttpServlet.service(HttpServlet.java:658) ~[tomcat-embed-core-10.1.19.jar:6.0]
	at org.apache.catalina.core.ApplicationFilterChain.internalDoFilter(ApplicationFilterChain.java:205) ~[tomcat-embed-core-10.1.19.jar:10.1.19]
	at org.apache.catalina.core.ApplicationFilterChain.doFilter(ApplicationFilterChain.java:149) ~[tomcat-embed-core-10.1.19.jar:10.1.19]
	at org.apache.tomcat.websocket.server.WsFilter.doFilter(WsFilter.java:51) ~[tomcat-embed-websocket-10.1.19.jar:10.1.19]
	at org.apache.catalina.core.ApplicationFilterChain.internalDoFilter(ApplicationFilterChain.java:174) ~[tomcat-embed-core-10.1.19.jar:10.1.19]
	at org.apache.catalina.core.ApplicationFilterChain.doFilter(ApplicationFilterChain.java:149) ~[tomcat-embed-core-10.1.19.jar:10.1.19]
	at org.springframework.web.filter.RequestContextFilter.doFilterInternal(RequestContextFilter.java:100) ~[spring-web-6.1.5.jar:6.1.5]
	at org.springframework.web.filter.OncePerRequestFilter.doFilter(OncePerRequestFilter.java:116) ~[spring-web-6.1.5.jar:6.1.5]
	at org.apache.catalina.core.ApplicationFilterChain.internalDoFilter(ApplicationFilterChain.java:174) ~[tomcat-embed-core-10.1.19.jar:10.1.19]
	at org.apache.catalina.core.ApplicationFilterChain.doFilter(ApplicationFilterChain.java:149) ~[tomcat-embed-core-10.1.19.jar:10.1.19]
	at org.springframework.web.filter.FormContentFilter.doFilterInternal(FormContentFilter.java:93) ~[spring-web-6.1.5.jar:6.1.5]
	at org.springframework.web.filter.OncePerRequestFilter.doFilter(OncePerRequestFilter.java:116) ~[spring-web-6.1.5.jar:6.1.5]
	at org.apache.catalina.core.ApplicationFilterChain.internalDoFilter(ApplicationFilterChain.java:174) ~[tomcat-embed-core-10.1.19.jar:10.1.19]
	at org.apache.catalina.core.ApplicationFilterChain.doFilter(ApplicationFilterChain.java:149) ~[tomcat-embed-core-10.1.19.jar:10.1.19]
	at org.springframework.web.filter.ServerHttpObservationFilter.doFilterInternal(ServerHttpObservationFilter.java:109) ~[spring-web-6.1.5.jar:6.1.5]
	at org.springframework.web.filter.OncePerRequestFilter.doFilter(OncePerRequestFilter.java:116) ~[spring-web-6.1.5.jar:6.1.5]
	at org.apache.catalina.core.ApplicationFilterChain.internalDoFilter(ApplicationFilterChain.java:174) ~[tomcat-embed-core-10.1.19.jar:10.1.19]
	at org.apache.catalina.core.ApplicationFilterChain.doFilter(ApplicationFilterChain.java:149) ~[tomcat-embed-core-10.1.19.jar:10.1.19]
	at org.springframework.web.filter.CharacterEncodingFilter.doFilterInternal(CharacterEncodingFilter.java:201) ~[spring-web-6.1.5.jar:6.1.5]
	at org.springframework.web.filter.OncePerRequestFilter.doFilter(OncePerRequestFilter.java:116) ~[spring-web-6.1.5.jar:6.1.5]
	at org.apache.catalina.core.ApplicationFilterChain.internalDoFilter(ApplicationFilterChain.java:174) ~[tomcat-embed-core-10.1.19.jar:10.1.19]
	at org.apache.catalina.core.ApplicationFilterChain.doFilter(ApplicationFilterChain.java:149) ~[tomcat-embed-core-10.1.19.jar:10.1.19]
	at org.apache.catalina.core.StandardWrapperValve.invoke(StandardWrapperValve.java:167) ~[tomcat-embed-core-10.1.19.jar:10.1.19]
	at org.apache.catalina.core.StandardContextValve.invoke(StandardContextValve.java:90) ~[tomcat-embed-core-10.1.19.jar:10.1.19]
	at org.apache.catalina.authenticator.AuthenticatorBase.invoke(AuthenticatorBase.java:482) ~[tomcat-embed-core-10.1.19.jar:10.1.19]
	at org.apache.catalina.core.StandardHostValve.invoke(StandardHostValve.java:115) ~[tomcat-embed-core-10.1.19.jar:10.1.19]
	at org.apache.catalina.valves.ErrorReportValve.invoke(ErrorReportValve.java:93) ~[tomcat-embed-core-10.1.19.jar:10.1.19]
	at org.apache.catalina.core.StandardEngineValve.invoke(StandardEngineValve.java:74) ~[tomcat-embed-core-10.1.19.jar:10.1.19]
	at org.apache.catalina.connector.CoyoteAdapter.service(CoyoteAdapter.java:344) ~[tomcat-embed-core-10.1.19.jar:10.1.19]
	at org.apache.coyote.http11.Http11Processor.service(Http11Processor.java:391) ~[tomcat-embed-core-10.1.19.jar:10.1.19]
	at org.apache.coyote.AbstractProcessorLight.process(AbstractProcessorLight.java:63) ~[tomcat-embed-core-10.1.19.jar:10.1.19]
	at org.apache.coyote.AbstractProtocol$ConnectionHandler.process(AbstractProtocol.java:896) ~[tomcat-embed-core-10.1.19.jar:10.1.19]
	at org.apache.tomcat.util.net.NioEndpoint$SocketProcessor.doRun(NioEndpoint.java:1744) ~[tomcat-embed-core-10.1.19.jar:10.1.19]
	at org.apache.tomcat.util.net.SocketProcessorBase.run(SocketProcessorBase.java:52) ~[tomcat-embed-core-10.1.19.jar:10.1.19]
	at org.apache.tomcat.util.threads.ThreadPoolExecutor.runWorker(ThreadPoolExecutor.java:1191) ~[tomcat-embed-core-10.1.19.jar:10.1.19]
	at org.apache.tomcat.util.threads.ThreadPoolExecutor$Worker.run(ThreadPoolExecutor.java:659) ~[tomcat-embed-core-10.1.19.jar:10.1.19]
	at org.apache.tomcat.util.threads.TaskThread$WrappingRunnable.run(TaskThread.java:63) ~[tomcat-embed-core-10.1.19.jar:10.1.19]
	at java.base/java.lang.Thread.run(Thread.java:840) ~[na:na]

2024-05-04T19:12:08.613+05:30  INFO 29920 --- [ibm-springboot-demo] [File Watcher] rtingClassPathChangeChangedEventListener : Restarting due to 1 class path change (0 additions, 0 deletions, 1 modification)
2024-05-04T19:12:08.702+05:30  INFO 29920 --- [ibm-springboot-demo] [restartedMain] com.ibm.springboot.demo.App              : Starting.....
2024-05-04T19:12:08.703+05:30  WARN 29920 --- [ibm-springboot-demo] [restartedMain] com.ibm.springboot.demo.App              : It's a warning........
2024-05-04T19:12:08.703+05:30 ERROR 29920 --- [ibm-springboot-demo] [restartedMain] com.ibm.springboot.demo.App              : It's an error.........
2024-05-04T19:12:08.742+05:30  INFO 29920 --- [ibm-springboot-demo] [restartedMain] com.ibm.springboot.demo.App              : Starting App using Java 17.0.10 with PID 29920 (C:\STS\Workspace\ibm-springboot-demo\ibm-springboot-demo\target\classes started by IshwarWani in C:\STS\Workspace\ibm-springboot-demo\ibm-springboot-demo)
2024-05-04T19:12:08.744+05:30  INFO 29920 --- [ibm-springboot-demo] [restartedMain] com.ibm.springboot.demo.App              : No active profile set, falling back to 1 default profile: "default"
2024-05-04T19:12:09.042+05:30  INFO 29920 --- [ibm-springboot-demo] [restartedMain] .s.d.r.c.RepositoryConfigurationDelegate : Bootstrapping Spring Data MongoDB repositories in DEFAULT mode.
2024-05-04T19:12:09.054+05:30  INFO 29920 --- [ibm-springboot-demo] [restartedMain] .s.d.r.c.RepositoryConfigurationDelegate : Finished Spring Data repository scanning in 10 ms. Found 2 MongoDB repository interfaces.
2024-05-04T19:12:09.287+05:30  INFO 29920 --- [ibm-springboot-demo] [restartedMain] o.s.b.w.embedded.tomcat.TomcatWebServer  : Tomcat initialized with port 8090 (http)
2024-05-04T19:12:09.288+05:30  INFO 29920 --- [ibm-springboot-demo] [restartedMain] o.apache.catalina.core.StandardService   : Starting service [Tomcat]
2024-05-04T19:12:09.288+05:30  INFO 29920 --- [ibm-springboot-demo] [restartedMain] o.apache.catalina.core.StandardEngine    : Starting Servlet engine: [Apache Tomcat/10.1.19]
2024-05-04T19:12:09.316+05:30  INFO 29920 --- [ibm-springboot-demo] [restartedMain] o.a.c.c.C.[Tomcat].[localhost].[/]       : Initializing Spring embedded WebApplicationContext
2024-05-04T19:12:09.317+05:30  INFO 29920 --- [ibm-springboot-demo] [restartedMain] w.s.c.ServletWebServerApplicationContext : Root WebApplicationContext: initialization completed in 570 ms
2024-05-04T19:12:09.456+05:30  INFO 29920 --- [ibm-springboot-demo] [restartedMain] f.a.AutowiredAnnotationBeanPostProcessor : Autowired annotation is not supported on static fields: private static final org.slf4j.Logger com.ibm.springboot.demo.App.LOG
2024-05-04T19:12:09.520+05:30  INFO 29920 --- [ibm-springboot-demo] [restartedMain] org.mongodb.driver.client                : MongoClient with metadata {"driver": {"name": "mongo-java-driver|sync|spring-boot", "version": "4.11.1"}, "os": {"type": "Windows", "name": "Windows 11", "architecture": "amd64", "version": "10.0"}, "platform": "Java/Eclipse Adoptium/17.0.10+7"} created with settings MongoClientSettings{readPreference=primary, writeConcern=WriteConcern{w=null, wTimeout=null ms, journal=null}, retryWrites=true, retryReads=true, readConcern=ReadConcern{level=null}, credential=null, transportSettings=null, streamFactoryFactory=null, commandListeners=[io.micrometer.core.instrument.binder.mongodb.MongoMetricsCommandListener@6ab1740b], codecRegistry=ProvidersCodecRegistry{codecProviders=[ValueCodecProvider{}, BsonValueCodecProvider{}, DBRefCodecProvider{}, DBObjectCodecProvider{}, DocumentCodecProvider{}, CollectionCodecProvider{}, IterableCodecProvider{}, MapCodecProvider{}, GeoJsonCodecProvider{}, GridFSFileCodecProvider{}, Jsr310CodecProvider{}, JsonObjectCodecProvider{}, BsonCodecProvider{}, EnumCodecProvider{}, com.mongodb.client.model.mql.ExpressionCodecProvider@31a5707b, com.mongodb.Jep395RecordCodecProvider@2d375a03, com.mongodb.KotlinCodecProvider@c06e895]}, loggerSettings=LoggerSettings{maxDocumentLength=1000}, clusterSettings={hosts=[localhost:27017], srvServiceName=mongodb, mode=SINGLE, requiredClusterType=UNKNOWN, requiredReplicaSetName='null', serverSelector='null', clusterListeners='[]', serverSelectionTimeout='30000 ms', localThreshold='15 ms'}, socketSettings=SocketSettings{connectTimeoutMS=10000, readTimeoutMS=0, receiveBufferSize=0, proxySettings=ProxySettings{host=null, port=null, username=null, password=null}}, heartbeatSocketSettings=SocketSettings{connectTimeoutMS=10000, readTimeoutMS=10000, receiveBufferSize=0, proxySettings=ProxySettings{host=null, port=null, username=null, password=null}}, connectionPoolSettings=ConnectionPoolSettings{maxSize=100, minSize=0, maxWaitTimeMS=120000, maxConnectionLifeTimeMS=0, maxConnectionIdleTimeMS=0, maintenanceInitialDelayMS=0, maintenanceFrequencyMS=60000, connectionPoolListeners=[io.micrometer.core.instrument.binder.mongodb.MongoMetricsConnectionPoolListener@bf7f2db], maxConnecting=2}, serverSettings=ServerSettings{heartbeatFrequencyMS=10000, minHeartbeatFrequencyMS=500, serverListeners='[]', serverMonitorListeners='[]'}, sslSettings=SslSettings{enabled=false, invalidHostNameAllowed=false, context=null}, applicationName='null', compressorList=[], uuidRepresentation=JAVA_LEGACY, serverApi=null, autoEncryptionSettings=null, dnsClient=null, inetAddressResolver=null, contextProvider=null}
2024-05-04T19:12:09.530+05:30  INFO 29920 --- [ibm-springboot-demo] [cluster-ClusterId{value='66363b312758651f5f3cd17a', description='null'}-localhost:27017] org.mongodb.driver.cluster               : Monitor thread successfully connected to server with description ServerDescription{address=localhost:27017, type=STANDALONE, state=CONNECTED, ok=true, minWireVersion=0, maxWireVersion=21, maxDocumentSize=16777216, logicalSessionTimeoutMinutes=30, roundTripTimeNanos=3166000}
2024-05-04T19:12:09.627+05:30  INFO 29920 --- [ibm-springboot-demo] [restartedMain] o.s.b.d.a.OptionalLiveReloadServer       : LiveReload server is running on port 35729
2024-05-04T19:12:11.071+05:30  INFO 29920 --- [ibm-springboot-demo] [restartedMain] o.s.b.a.e.web.EndpointLinksResolver      : Exposing 15 endpoint(s) beneath base path '/actuator'
2024-05-04T19:12:11.141+05:30  INFO 29920 --- [ibm-springboot-demo] [restartedMain] o.s.b.w.embedded.tomcat.TomcatWebServer  : Tomcat started on port 8090 (http) with context path ''
2024-05-04T19:12:11.150+05:30  INFO 29920 --- [ibm-springboot-demo] [restartedMain] com.ibm.springboot.demo.App              : Started App in 2.44 seconds (process running for 4862.792)
2024-05-04T19:12:11.153+05:30  INFO 29920 --- [ibm-springboot-demo] [restartedMain] .ConditionEvaluationDeltaLoggingListener : Condition evaluation unchanged
2024-05-04T19:12:16.086+05:30  INFO 29920 --- [ibm-springboot-demo] [http-nio-8090-exec-2] o.a.c.c.C.[Tomcat].[localhost].[/]       : Initializing Spring DispatcherServlet 'dispatcherServlet'
2024-05-04T19:12:16.087+05:30  INFO 29920 --- [ibm-springboot-demo] [http-nio-8090-exec-2] o.s.web.servlet.DispatcherServlet        : Initializing Servlet 'dispatcherServlet'
2024-05-04T19:12:16.089+05:30  INFO 29920 --- [ibm-springboot-demo] [http-nio-8090-exec-2] o.s.web.servlet.DispatcherServlet        : Completed initialization in 2 ms
2024-05-04T19:12:16.094+05:30  INFO 29920 --- [ibm-springboot-demo] [http-nio-8090-exec-2] c.i.s.demo.aspect.EmployeeServiceAspect  : Before a method from EmployeeServiceImpl was invoked.
2024-05-04T19:12:16.180+05:30  INFO 29920 --- [ibm-springboot-demo] [http-nio-8090-exec-2] c.i.s.demo.aspect.EmployeeServiceAspect  : AfterReturing a method from EmployeeServiceImpl was invoked.
2024-05-04T19:12:16.181+05:30  INFO 29920 --- [ibm-springboot-demo] [http-nio-8090-exec-2] c.i.s.demo.aspect.EmployeeServiceAspect  : After a method from EmployeeServiceImpl was invoked.
2024-05-04T19:12:16.181+05:30  INFO 29920 --- [ibm-springboot-demo] [http-nio-8090-exec-2] c.i.s.demo.aspect.EmployeeServiceAspect  : Before a method from EmployeeServiceImpl was invoked.
2024-05-04T19:12:16.182+05:30  INFO 29920 --- [ibm-springboot-demo] [http-nio-8090-exec-2] c.i.s.demo.service.EmployeeServiceImpl   : Employee [employeeId=662f69efca9ac58a23c18b92, firstName=Kart, salary=508883.0]
2024-05-04T19:12:16.192+05:30  INFO 29920 --- [ibm-springboot-demo] [http-nio-8090-exec-2] c.i.s.demo.aspect.EmployeeServiceAspect  : AfterReturing a method from EmployeeServiceImpl was invoked.
2024-05-04T19:12:16.193+05:30  INFO 29920 --- [ibm-springboot-demo] [http-nio-8090-exec-2] c.i.s.demo.aspect.EmployeeServiceAspect  : After a method from EmployeeServiceImpl was invoked.
2024-05-04T19:30:34.293+05:30  INFO 29920 --- [ibm-springboot-demo] [http-nio-8090-exec-5] c.i.s.demo.aspect.EmployeeServiceAspect  : Before a method from EmployeeServiceImpl was invoked.
2024-05-04T19:30:34.299+05:30  INFO 29920 --- [ibm-springboot-demo] [http-nio-8090-exec-5] c.i.s.demo.aspect.EmployeeServiceAspect  : AfterReturing a method from EmployeeServiceImpl was invoked.
2024-05-04T19:30:34.300+05:30  INFO 29920 --- [ibm-springboot-demo] [http-nio-8090-exec-5] c.i.s.demo.aspect.EmployeeServiceAspect  : After a method from EmployeeServiceImpl was invoked.
2024-05-04T19:30:34.302+05:30  INFO 29920 --- [ibm-springboot-demo] [http-nio-8090-exec-5] c.i.s.demo.aspect.EmployeeServiceAspect  : Before a method from EmployeeServiceImpl was invoked.
2024-05-04T19:30:34.302+05:30  INFO 29920 --- [ibm-springboot-demo] [http-nio-8090-exec-5] c.i.s.demo.service.EmployeeServiceImpl   : Employee [employeeId=662f69efca9ac58a23c18b92, firstName=Kartik, salary=508883.0]
2024-05-04T19:30:34.314+05:30  INFO 29920 --- [ibm-springboot-demo] [http-nio-8090-exec-5] c.i.s.demo.aspect.EmployeeServiceAspect  : AfterReturing a method from EmployeeServiceImpl was invoked.
2024-05-04T19:30:34.316+05:30  INFO 29920 --- [ibm-springboot-demo] [http-nio-8090-exec-5] c.i.s.demo.aspect.EmployeeServiceAspect  : After a method from EmployeeServiceImpl was invoked.
2024-05-04T19:30:41.682+05:30  INFO 29920 --- [ibm-springboot-demo] [http-nio-8090-exec-6] c.i.s.demo.aspect.EmployeeServiceAspect  : Before a method from EmployeeServiceImpl was invoked.
2024-05-04T19:30:41.686+05:30  INFO 29920 --- [ibm-springboot-demo] [http-nio-8090-exec-6] c.i.s.demo.aspect.EmployeeServiceAspect  : AfterReturing a method from EmployeeServiceImpl was invoked.
2024-05-04T19:30:41.687+05:30  INFO 29920 --- [ibm-springboot-demo] [http-nio-8090-exec-6] c.i.s.demo.aspect.EmployeeServiceAspect  : After a method from EmployeeServiceImpl was invoked.
2024-05-04T19:30:41.687+05:30  INFO 29920 --- [ibm-springboot-demo] [http-nio-8090-exec-6] c.i.s.demo.aspect.EmployeeServiceAspect  : Before a method from EmployeeServiceImpl was invoked.
2024-05-04T19:30:41.687+05:30  INFO 29920 --- [ibm-springboot-demo] [http-nio-8090-exec-6] c.i.s.demo.service.EmployeeServiceImpl   : Employee [employeeId=662f69efca9ac58a23c18b92, firstName=Karti, salary=508883.0]
2024-05-04T19:30:41.696+05:30  INFO 29920 --- [ibm-springboot-demo] [http-nio-8090-exec-6] c.i.s.demo.aspect.EmployeeServiceAspect  : AfterReturing a method from EmployeeServiceImpl was invoked.
2024-05-04T19:30:41.696+05:30  INFO 29920 --- [ibm-springboot-demo] [http-nio-8090-exec-6] c.i.s.demo.aspect.EmployeeServiceAspect  : After a method from EmployeeServiceImpl was invoked.
2024-05-04T19:30:46.495+05:30  INFO 29920 --- [ibm-springboot-demo] [http-nio-8090-exec-7] c.i.s.demo.aspect.EmployeeServiceAspect  : Before a method from EmployeeServiceImpl was invoked.
2024-05-04T19:30:46.499+05:30  INFO 29920 --- [ibm-springboot-demo] [http-nio-8090-exec-7] c.i.s.demo.aspect.EmployeeServiceAspect  : AfterReturing a method from EmployeeServiceImpl was invoked.
2024-05-04T19:30:46.499+05:30  INFO 29920 --- [ibm-springboot-demo] [http-nio-8090-exec-7] c.i.s.demo.aspect.EmployeeServiceAspect  : After a method from EmployeeServiceImpl was invoked.
2024-05-04T19:30:46.499+05:30  INFO 29920 --- [ibm-springboot-demo] [http-nio-8090-exec-7] c.i.s.demo.aspect.EmployeeServiceAspect  : Before a method from EmployeeServiceImpl was invoked.
2024-05-04T19:30:46.499+05:30  INFO 29920 --- [ibm-springboot-demo] [http-nio-8090-exec-7] c.i.s.demo.service.EmployeeServiceImpl   : Employee [employeeId=662f69efca9ac58a23c18b92, firstName=Kartik, salary=508883.0]
2024-05-04T19:30:46.505+05:30  INFO 29920 --- [ibm-springboot-demo] [http-nio-8090-exec-7] c.i.s.demo.aspect.EmployeeServiceAspect  : AfterReturing a method from EmployeeServiceImpl was invoked.
2024-05-04T19:30:46.506+05:30  INFO 29920 --- [ibm-springboot-demo] [http-nio-8090-exec-7] c.i.s.demo.aspect.EmployeeServiceAspect  : After a method from EmployeeServiceImpl was invoked.
2024-05-04T20:40:05.283+05:30  INFO 29920 --- [ibm-springboot-demo] [http-nio-8090-exec-9] c.i.s.demo.aspect.EmployeeServiceAspect  : Before a method from EmployeeServiceImpl was invoked.
2024-05-04T20:40:05.284+05:30  INFO 29920 --- [ibm-springboot-demo] [http-nio-8090-exec-9] c.i.s.d.service.DepartmentServicelmpl    : getAllDept
2024-05-04T20:40:05.306+05:30  INFO 29920 --- [ibm-springboot-demo] [http-nio-8090-exec-9] c.i.s.demo.aspect.EmployeeServiceAspect  : AfterReturing a method from EmployeeServiceImpl was invoked.
2024-05-04T20:40:05.306+05:30  INFO 29920 --- [ibm-springboot-demo] [http-nio-8090-exec-9] c.i.s.demo.aspect.EmployeeServiceAspect  : After a method from EmployeeServiceImpl was invoked.
2024-05-04T20:47:12.729+05:30  INFO 29920 --- [ibm-springboot-demo] [File Watcher] rtingClassPathChangeChangedEventListener : Restarting due to 1 class path change (0 additions, 0 deletions, 1 modification)
2024-05-04T20:47:12.840+05:30  INFO 29920 --- [ibm-springboot-demo] [restartedMain] com.ibm.springboot.demo.App              : Starting.....
2024-05-04T20:47:12.840+05:30  WARN 29920 --- [ibm-springboot-demo] [restartedMain] com.ibm.springboot.demo.App              : It's a warning........
2024-05-04T20:47:12.840+05:30 ERROR 29920 --- [ibm-springboot-demo] [restartedMain] com.ibm.springboot.demo.App              : It's an error.........
2024-05-04T20:47:12.883+05:30  INFO 29920 --- [ibm-springboot-demo] [restartedMain] com.ibm.springboot.demo.App              : Starting App using Java 17.0.10 with PID 29920 (C:\STS\Workspace\ibm-springboot-demo\ibm-springboot-demo\target\classes started by IshwarWani in C:\STS\Workspace\ibm-springboot-demo\ibm-springboot-demo)
2024-05-04T20:47:12.884+05:30  INFO 29920 --- [ibm-springboot-demo] [restartedMain] com.ibm.springboot.demo.App              : No active profile set, falling back to 1 default profile: "default"
2024-05-04T20:47:13.435+05:30  INFO 29920 --- [ibm-springboot-demo] [restartedMain] .s.d.r.c.RepositoryConfigurationDelegate : Bootstrapping Spring Data MongoDB repositories in DEFAULT mode.
2024-05-04T20:47:13.449+05:30  INFO 29920 --- [ibm-springboot-demo] [restartedMain] .s.d.r.c.RepositoryConfigurationDelegate : Finished Spring Data repository scanning in 13 ms. Found 2 MongoDB repository interfaces.
2024-05-04T20:47:13.731+05:30  INFO 29920 --- [ibm-springboot-demo] [restartedMain] o.s.b.w.embedded.tomcat.TomcatWebServer  : Tomcat initialized with port 8090 (http)
2024-05-04T20:47:13.732+05:30  INFO 29920 --- [ibm-springboot-demo] [restartedMain] o.apache.catalina.core.StandardService   : Starting service [Tomcat]
2024-05-04T20:47:13.733+05:30  INFO 29920 --- [ibm-springboot-demo] [restartedMain] o.apache.catalina.core.StandardEngine    : Starting Servlet engine: [Apache Tomcat/10.1.19]
2024-05-04T20:47:13.764+05:30  INFO 29920 --- [ibm-springboot-demo] [restartedMain] o.a.c.c.C.[Tomcat].[localhost].[/]       : Initializing Spring embedded WebApplicationContext
2024-05-04T20:47:13.764+05:30  INFO 29920 --- [ibm-springboot-demo] [restartedMain] w.s.c.ServletWebServerApplicationContext : Root WebApplicationContext: initialization completed in 878 ms
2024-05-04T20:47:13.937+05:30  INFO 29920 --- [ibm-springboot-demo] [restartedMain] f.a.AutowiredAnnotationBeanPostProcessor : Autowired annotation is not supported on static fields: private static final org.slf4j.Logger com.ibm.springboot.demo.App.LOG
2024-05-04T20:47:14.017+05:30  INFO 29920 --- [ibm-springboot-demo] [restartedMain] org.mongodb.driver.client                : MongoClient with metadata {"driver": {"name": "mongo-java-driver|sync|spring-boot", "version": "4.11.1"}, "os": {"type": "Windows", "name": "Windows 11", "architecture": "amd64", "version": "10.0"}, "platform": "Java/Eclipse Adoptium/17.0.10+7"} created with settings MongoClientSettings{readPreference=primary, writeConcern=WriteConcern{w=null, wTimeout=null ms, journal=null}, retryWrites=true, retryReads=true, readConcern=ReadConcern{level=null}, credential=null, transportSettings=null, streamFactoryFactory=null, commandListeners=[io.micrometer.core.instrument.binder.mongodb.MongoMetricsCommandListener@4190618d], codecRegistry=ProvidersCodecRegistry{codecProviders=[ValueCodecProvider{}, BsonValueCodecProvider{}, DBRefCodecProvider{}, DBObjectCodecProvider{}, DocumentCodecProvider{}, CollectionCodecProvider{}, IterableCodecProvider{}, MapCodecProvider{}, GeoJsonCodecProvider{}, GridFSFileCodecProvider{}, Jsr310CodecProvider{}, JsonObjectCodecProvider{}, BsonCodecProvider{}, EnumCodecProvider{}, com.mongodb.client.model.mql.ExpressionCodecProvider@31a5707b, com.mongodb.Jep395RecordCodecProvider@2d375a03, com.mongodb.KotlinCodecProvider@c06e895]}, loggerSettings=LoggerSettings{maxDocumentLength=1000}, clusterSettings={hosts=[localhost:27017], srvServiceName=mongodb, mode=SINGLE, requiredClusterType=UNKNOWN, requiredReplicaSetName='null', serverSelector='null', clusterListeners='[]', serverSelectionTimeout='30000 ms', localThreshold='15 ms'}, socketSettings=SocketSettings{connectTimeoutMS=10000, readTimeoutMS=0, receiveBufferSize=0, proxySettings=ProxySettings{host=null, port=null, username=null, password=null}}, heartbeatSocketSettings=SocketSettings{connectTimeoutMS=10000, readTimeoutMS=10000, receiveBufferSize=0, proxySettings=ProxySettings{host=null, port=null, username=null, password=null}}, connectionPoolSettings=ConnectionPoolSettings{maxSize=100, minSize=0, maxWaitTimeMS=120000, maxConnectionLifeTimeMS=0, maxConnectionIdleTimeMS=0, maintenanceInitialDelayMS=0, maintenanceFrequencyMS=60000, connectionPoolListeners=[io.micrometer.core.instrument.binder.mongodb.MongoMetricsConnectionPoolListener@62f5b62c], maxConnecting=2}, serverSettings=ServerSettings{heartbeatFrequencyMS=10000, minHeartbeatFrequencyMS=500, serverListeners='[]', serverMonitorListeners='[]'}, sslSettings=SslSettings{enabled=false, invalidHostNameAllowed=false, context=null}, applicationName='null', compressorList=[], uuidRepresentation=JAVA_LEGACY, serverApi=null, autoEncryptionSettings=null, dnsClient=null, inetAddressResolver=null, contextProvider=null}
2024-05-04T20:47:14.026+05:30  INFO 29920 --- [ibm-springboot-demo] [cluster-ClusterId{value='6636517a2758651f5f3cd17b', description='null'}-localhost:27017] org.mongodb.driver.cluster               : Monitor thread successfully connected to server with description ServerDescription{address=localhost:27017, type=STANDALONE, state=CONNECTED, ok=true, minWireVersion=0, maxWireVersion=21, maxDocumentSize=16777216, logicalSessionTimeoutMinutes=30, roundTripTimeNanos=3271800}
2024-05-04T20:47:14.121+05:30  INFO 29920 --- [ibm-springboot-demo] [restartedMain] o.s.b.d.a.OptionalLiveReloadServer       : LiveReload server is running on port 35729
2024-05-04T20:47:15.847+05:30  INFO 29920 --- [ibm-springboot-demo] [restartedMain] o.s.b.a.e.web.EndpointLinksResolver      : Exposing 15 endpoint(s) beneath base path '/actuator'
2024-05-04T20:47:15.895+05:30  INFO 29920 --- [ibm-springboot-demo] [restartedMain] o.s.b.w.embedded.tomcat.TomcatWebServer  : Tomcat started on port 8090 (http) with context path ''
2024-05-04T20:47:15.910+05:30  INFO 29920 --- [ibm-springboot-demo] [restartedMain] com.ibm.springboot.demo.App              : Started App in 3.064 seconds (process running for 10567.552)
2024-05-04T20:47:15.913+05:30  INFO 29920 --- [ibm-springboot-demo] [restartedMain] .ConditionEvaluationDeltaLoggingListener : Condition evaluation unchanged
2024-05-04T20:47:22.571+05:30  INFO 29920 --- [ibm-springboot-demo] [File Watcher] rtingClassPathChangeChangedEventListener : Restarting due to 1 class path change (0 additions, 0 deletions, 1 modification)
2024-05-04T20:47:22.653+05:30  INFO 29920 --- [ibm-springboot-demo] [restartedMain] com.ibm.springboot.demo.App              : Starting.....
2024-05-04T20:47:22.653+05:30  WARN 29920 --- [ibm-springboot-demo] [restartedMain] com.ibm.springboot.demo.App              : It's a warning........
2024-05-04T20:47:22.653+05:30 ERROR 29920 --- [ibm-springboot-demo] [restartedMain] com.ibm.springboot.demo.App              : It's an error.........
2024-05-04T20:47:22.690+05:30  INFO 29920 --- [ibm-springboot-demo] [restartedMain] com.ibm.springboot.demo.App              : Starting App using Java 17.0.10 with PID 29920 (C:\STS\Workspace\ibm-springboot-demo\ibm-springboot-demo\target\classes started by IshwarWani in C:\STS\Workspace\ibm-springboot-demo\ibm-springboot-demo)
2024-05-04T20:47:22.691+05:30  INFO 29920 --- [ibm-springboot-demo] [restartedMain] com.ibm.springboot.demo.App              : No active profile set, falling back to 1 default profile: "default"
2024-05-04T20:47:22.960+05:30  INFO 29920 --- [ibm-springboot-demo] [restartedMain] .s.d.r.c.RepositoryConfigurationDelegate : Bootstrapping Spring Data MongoDB repositories in DEFAULT mode.
2024-05-04T20:47:22.970+05:30  INFO 29920 --- [ibm-springboot-demo] [restartedMain] .s.d.r.c.RepositoryConfigurationDelegate : Finished Spring Data repository scanning in 9 ms. Found 2 MongoDB repository interfaces.
2024-05-04T20:47:23.206+05:30  INFO 29920 --- [ibm-springboot-demo] [restartedMain] o.s.b.w.embedded.tomcat.TomcatWebServer  : Tomcat initialized with port 8090 (http)
2024-05-04T20:47:23.207+05:30  INFO 29920 --- [ibm-springboot-demo] [restartedMain] o.apache.catalina.core.StandardService   : Starting service [Tomcat]
2024-05-04T20:47:23.207+05:30  INFO 29920 --- [ibm-springboot-demo] [restartedMain] o.apache.catalina.core.StandardEngine    : Starting Servlet engine: [Apache Tomcat/10.1.19]
2024-05-04T20:47:23.239+05:30  INFO 29920 --- [ibm-springboot-demo] [restartedMain] o.a.c.c.C.[Tomcat].[localhost].[/]       : Initializing Spring embedded WebApplicationContext
2024-05-04T20:47:23.241+05:30  INFO 29920 --- [ibm-springboot-demo] [restartedMain] w.s.c.ServletWebServerApplicationContext : Root WebApplicationContext: initialization completed in 549 ms
2024-05-04T20:47:23.368+05:30  INFO 29920 --- [ibm-springboot-demo] [restartedMain] f.a.AutowiredAnnotationBeanPostProcessor : Autowired annotation is not supported on static fields: private static final org.slf4j.Logger com.ibm.springboot.demo.App.LOG
2024-05-04T20:47:23.428+05:30  INFO 29920 --- [ibm-springboot-demo] [restartedMain] org.mongodb.driver.client                : MongoClient with metadata {"driver": {"name": "mongo-java-driver|sync|spring-boot", "version": "4.11.1"}, "os": {"type": "Windows", "name": "Windows 11", "architecture": "amd64", "version": "10.0"}, "platform": "Java/Eclipse Adoptium/17.0.10+7"} created with settings MongoClientSettings{readPreference=primary, writeConcern=WriteConcern{w=null, wTimeout=null ms, journal=null}, retryWrites=true, retryReads=true, readConcern=ReadConcern{level=null}, credential=null, transportSettings=null, streamFactoryFactory=null, commandListeners=[io.micrometer.core.instrument.binder.mongodb.MongoMetricsCommandListener@6a0f2a84], codecRegistry=ProvidersCodecRegistry{codecProviders=[ValueCodecProvider{}, BsonValueCodecProvider{}, DBRefCodecProvider{}, DBObjectCodecProvider{}, DocumentCodecProvider{}, CollectionCodecProvider{}, IterableCodecProvider{}, MapCodecProvider{}, GeoJsonCodecProvider{}, GridFSFileCodecProvider{}, Jsr310CodecProvider{}, JsonObjectCodecProvider{}, BsonCodecProvider{}, EnumCodecProvider{}, com.mongodb.client.model.mql.ExpressionCodecProvider@31a5707b, com.mongodb.Jep395RecordCodecProvider@2d375a03, com.mongodb.KotlinCodecProvider@c06e895]}, loggerSettings=LoggerSettings{maxDocumentLength=1000}, clusterSettings={hosts=[localhost:27017], srvServiceName=mongodb, mode=SINGLE, requiredClusterType=UNKNOWN, requiredReplicaSetName='null', serverSelector='null', clusterListeners='[]', serverSelectionTimeout='30000 ms', localThreshold='15 ms'}, socketSettings=SocketSettings{connectTimeoutMS=10000, readTimeoutMS=0, receiveBufferSize=0, proxySettings=ProxySettings{host=null, port=null, username=null, password=null}}, heartbeatSocketSettings=SocketSettings{connectTimeoutMS=10000, readTimeoutMS=10000, receiveBufferSize=0, proxySettings=ProxySettings{host=null, port=null, username=null, password=null}}, connectionPoolSettings=ConnectionPoolSettings{maxSize=100, minSize=0, maxWaitTimeMS=120000, maxConnectionLifeTimeMS=0, maxConnectionIdleTimeMS=0, maintenanceInitialDelayMS=0, maintenanceFrequencyMS=60000, connectionPoolListeners=[io.micrometer.core.instrument.binder.mongodb.MongoMetricsConnectionPoolListener@75036957], maxConnecting=2}, serverSettings=ServerSettings{heartbeatFrequencyMS=10000, minHeartbeatFrequencyMS=500, serverListeners='[]', serverMonitorListeners='[]'}, sslSettings=SslSettings{enabled=false, invalidHostNameAllowed=false, context=null}, applicationName='null', compressorList=[], uuidRepresentation=JAVA_LEGACY, serverApi=null, autoEncryptionSettings=null, dnsClient=null, inetAddressResolver=null, contextProvider=null}
2024-05-04T20:47:23.431+05:30  INFO 29920 --- [ibm-springboot-demo] [cluster-ClusterId{value='663651832758651f5f3cd17c', description='null'}-localhost:27017] org.mongodb.driver.cluster               : Monitor thread successfully connected to server with description ServerDescription{address=localhost:27017, type=STANDALONE, state=CONNECTED, ok=true, minWireVersion=0, maxWireVersion=21, maxDocumentSize=16777216, logicalSessionTimeoutMinutes=30, roundTripTimeNanos=1836300}
2024-05-04T20:47:23.527+05:30  INFO 29920 --- [ibm-springboot-demo] [restartedMain] o.s.b.d.a.OptionalLiveReloadServer       : LiveReload server is running on port 35729
2024-05-04T20:47:24.962+05:30  INFO 29920 --- [ibm-springboot-demo] [restartedMain] o.s.b.a.e.web.EndpointLinksResolver      : Exposing 15 endpoint(s) beneath base path '/actuator'
2024-05-04T20:47:25.006+05:30  INFO 29920 --- [ibm-springboot-demo] [restartedMain] o.s.b.w.embedded.tomcat.TomcatWebServer  : Tomcat started on port 8090 (http) with context path ''
2024-05-04T20:47:25.025+05:30  INFO 29920 --- [ibm-springboot-demo] [restartedMain] com.ibm.springboot.demo.App              : Started App in 2.366 seconds (process running for 10576.667)
2024-05-04T20:47:25.027+05:30  INFO 29920 --- [ibm-springboot-demo] [restartedMain] .ConditionEvaluationDeltaLoggingListener : Condition evaluation unchanged
2024-05-04T20:50:36.199+05:30  INFO 29920 --- [ibm-springboot-demo] [http-nio-8090-exec-4] o.a.c.c.C.[Tomcat].[localhost].[/]       : Initializing Spring DispatcherServlet 'dispatcherServlet'
2024-05-04T20:50:36.199+05:30  INFO 29920 --- [ibm-springboot-demo] [http-nio-8090-exec-4] o.s.web.servlet.DispatcherServlet        : Initializing Servlet 'dispatcherServlet'
2024-05-04T20:50:36.202+05:30  INFO 29920 --- [ibm-springboot-demo] [http-nio-8090-exec-4] o.s.web.servlet.DispatcherServlet        : Completed initialization in 2 ms
2024-05-04T20:50:36.204+05:30  WARN 29920 --- [ibm-springboot-demo] [http-nio-8090-exec-4] .w.s.m.s.DefaultHandlerExceptionResolver : Resolved [org.springframework.web.HttpRequestMethodNotSupportedException: Request method 'DELETE' is not supported]
2024-05-04T20:50:49.803+05:30  INFO 29920 --- [ibm-springboot-demo] [File Watcher] rtingClassPathChangeChangedEventListener : Restarting due to 1 class path change (0 additions, 0 deletions, 1 modification)
2024-05-04T20:50:49.932+05:30  INFO 29920 --- [ibm-springboot-demo] [restartedMain] com.ibm.springboot.demo.App              : Starting.....
2024-05-04T20:50:49.932+05:30  WARN 29920 --- [ibm-springboot-demo] [restartedMain] com.ibm.springboot.demo.App              : It's a warning........
2024-05-04T20:50:49.933+05:30 ERROR 29920 --- [ibm-springboot-demo] [restartedMain] com.ibm.springboot.demo.App              : It's an error.........
2024-05-04T20:50:50.002+05:30  INFO 29920 --- [ibm-springboot-demo] [restartedMain] com.ibm.springboot.demo.App              : Starting App using Java 17.0.10 with PID 29920 (C:\STS\Workspace\ibm-springboot-demo\ibm-springboot-demo\target\classes started by IshwarWani in C:\STS\Workspace\ibm-springboot-demo\ibm-springboot-demo)
2024-05-04T20:50:50.004+05:30  INFO 29920 --- [ibm-springboot-demo] [restartedMain] com.ibm.springboot.demo.App              : No active profile set, falling back to 1 default profile: "default"
2024-05-04T20:50:50.468+05:30  INFO 29920 --- [ibm-springboot-demo] [restartedMain] .s.d.r.c.RepositoryConfigurationDelegate : Bootstrapping Spring Data MongoDB repositories in DEFAULT mode.
2024-05-04T20:50:50.481+05:30  INFO 29920 --- [ibm-springboot-demo] [restartedMain] .s.d.r.c.RepositoryConfigurationDelegate : Finished Spring Data repository scanning in 12 ms. Found 2 MongoDB repository interfaces.
2024-05-04T20:50:50.689+05:30  INFO 29920 --- [ibm-springboot-demo] [restartedMain] o.s.b.w.embedded.tomcat.TomcatWebServer  : Tomcat initialized with port 8090 (http)
2024-05-04T20:50:50.689+05:30  INFO 29920 --- [ibm-springboot-demo] [restartedMain] o.apache.catalina.core.StandardService   : Starting service [Tomcat]
2024-05-04T20:50:50.689+05:30  INFO 29920 --- [ibm-springboot-demo] [restartedMain] o.apache.catalina.core.StandardEngine    : Starting Servlet engine: [Apache Tomcat/10.1.19]
2024-05-04T20:50:50.720+05:30  INFO 29920 --- [ibm-springboot-demo] [restartedMain] o.a.c.c.C.[Tomcat].[localhost].[/]       : Initializing Spring embedded WebApplicationContext
2024-05-04T20:50:50.720+05:30  INFO 29920 --- [ibm-springboot-demo] [restartedMain] w.s.c.ServletWebServerApplicationContext : Root WebApplicationContext: initialization completed in 707 ms
2024-05-04T20:50:50.824+05:30  INFO 29920 --- [ibm-springboot-demo] [restartedMain] f.a.AutowiredAnnotationBeanPostProcessor : Autowired annotation is not supported on static fields: private static final org.slf4j.Logger com.ibm.springboot.demo.App.LOG
2024-05-04T20:50:50.895+05:30  INFO 29920 --- [ibm-springboot-demo] [restartedMain] org.mongodb.driver.client                : MongoClient with metadata {"driver": {"name": "mongo-java-driver|sync|spring-boot", "version": "4.11.1"}, "os": {"type": "Windows", "name": "Windows 11", "architecture": "amd64", "version": "10.0"}, "platform": "Java/Eclipse Adoptium/17.0.10+7"} created with settings MongoClientSettings{readPreference=primary, writeConcern=WriteConcern{w=null, wTimeout=null ms, journal=null}, retryWrites=true, retryReads=true, readConcern=ReadConcern{level=null}, credential=null, transportSettings=null, streamFactoryFactory=null, commandListeners=[io.micrometer.core.instrument.binder.mongodb.MongoMetricsCommandListener@10dfb011], codecRegistry=ProvidersCodecRegistry{codecProviders=[ValueCodecProvider{}, BsonValueCodecProvider{}, DBRefCodecProvider{}, DBObjectCodecProvider{}, DocumentCodecProvider{}, CollectionCodecProvider{}, IterableCodecProvider{}, MapCodecProvider{}, GeoJsonCodecProvider{}, GridFSFileCodecProvider{}, Jsr310CodecProvider{}, JsonObjectCodecProvider{}, BsonCodecProvider{}, EnumCodecProvider{}, com.mongodb.client.model.mql.ExpressionCodecProvider@31a5707b, com.mongodb.Jep395RecordCodecProvider@2d375a03, com.mongodb.KotlinCodecProvider@c06e895]}, loggerSettings=LoggerSettings{maxDocumentLength=1000}, clusterSettings={hosts=[localhost:27017], srvServiceName=mongodb, mode=SINGLE, requiredClusterType=UNKNOWN, requiredReplicaSetName='null', serverSelector='null', clusterListeners='[]', serverSelectionTimeout='30000 ms', localThreshold='15 ms'}, socketSettings=SocketSettings{connectTimeoutMS=10000, readTimeoutMS=0, receiveBufferSize=0, proxySettings=ProxySettings{host=null, port=null, username=null, password=null}}, heartbeatSocketSettings=SocketSettings{connectTimeoutMS=10000, readTimeoutMS=10000, receiveBufferSize=0, proxySettings=ProxySettings{host=null, port=null, username=null, password=null}}, connectionPoolSettings=ConnectionPoolSettings{maxSize=100, minSize=0, maxWaitTimeMS=120000, maxConnectionLifeTimeMS=0, maxConnectionIdleTimeMS=0, maintenanceInitialDelayMS=0, maintenanceFrequencyMS=60000, connectionPoolListeners=[io.micrometer.core.instrument.binder.mongodb.MongoMetricsConnectionPoolListener@22a99559], maxConnecting=2}, serverSettings=ServerSettings{heartbeatFrequencyMS=10000, minHeartbeatFrequencyMS=500, serverListeners='[]', serverMonitorListeners='[]'}, sslSettings=SslSettings{enabled=false, invalidHostNameAllowed=false, context=null}, applicationName='null', compressorList=[], uuidRepresentation=JAVA_LEGACY, serverApi=null, autoEncryptionSettings=null, dnsClient=null, inetAddressResolver=null, contextProvider=null}
2024-05-04T20:50:50.927+05:30  INFO 29920 --- [ibm-springboot-demo] [cluster-ClusterId{value='663652522758651f5f3cd17d', description='null'}-localhost:27017] org.mongodb.driver.cluster               : Monitor thread successfully connected to server with description ServerDescription{address=localhost:27017, type=STANDALONE, state=CONNECTED, ok=true, minWireVersion=0, maxWireVersion=21, maxDocumentSize=16777216, logicalSessionTimeoutMinutes=30, roundTripTimeNanos=3103800}
2024-05-04T20:50:51.033+05:30  INFO 29920 --- [ibm-springboot-demo] [restartedMain] o.s.b.d.a.OptionalLiveReloadServer       : LiveReload server is running on port 35729
2024-05-04T20:50:52.576+05:30  INFO 29920 --- [ibm-springboot-demo] [restartedMain] o.s.b.a.e.web.EndpointLinksResolver      : Exposing 15 endpoint(s) beneath base path '/actuator'
2024-05-04T20:50:52.662+05:30  INFO 29920 --- [ibm-springboot-demo] [restartedMain] o.s.b.w.embedded.tomcat.TomcatWebServer  : Tomcat started on port 8090 (http) with context path ''
2024-05-04T20:50:52.674+05:30  INFO 29920 --- [ibm-springboot-demo] [restartedMain] com.ibm.springboot.demo.App              : Started App in 2.732 seconds (process running for 10784.316)
2024-05-04T20:50:52.676+05:30  INFO 29920 --- [ibm-springboot-demo] [restartedMain] .ConditionEvaluationDeltaLoggingListener : Condition evaluation unchanged
2024-05-04T20:50:54.864+05:30  INFO 29920 --- [ibm-springboot-demo] [http-nio-8090-exec-2] o.a.c.c.C.[Tomcat].[localhost].[/]       : Initializing Spring DispatcherServlet 'dispatcherServlet'
2024-05-04T20:50:54.865+05:30  INFO 29920 --- [ibm-springboot-demo] [http-nio-8090-exec-2] o.s.web.servlet.DispatcherServlet        : Initializing Servlet 'dispatcherServlet'
2024-05-04T20:50:54.867+05:30  INFO 29920 --- [ibm-springboot-demo] [http-nio-8090-exec-2] o.s.web.servlet.DispatcherServlet        : Completed initialization in 2 ms
2024-05-04T22:55:52.709+05:30  INFO 29920 --- [ibm-springboot-demo] [File Watcher] rtingClassPathChangeChangedEventListener : Restarting due to 3 class path changes (0 additions, 0 deletions, 3 modifications)
2024-05-04T22:55:52.911+05:30  INFO 29920 --- [ibm-springboot-demo] [restartedMain] com.ibm.springboot.demo.App              : Starting.....
2024-05-04T22:55:52.912+05:30  WARN 29920 --- [ibm-springboot-demo] [restartedMain] com.ibm.springboot.demo.App              : It's a warning........
2024-05-04T22:55:52.912+05:30 ERROR 29920 --- [ibm-springboot-demo] [restartedMain] com.ibm.springboot.demo.App              : It's an error.........
2024-05-04T22:55:52.962+05:30  INFO 29920 --- [ibm-springboot-demo] [restartedMain] com.ibm.springboot.demo.App              : Starting App using Java 17.0.10 with PID 29920 (C:\STS\Workspace\ibm-springboot-demo\ibm-springboot-demo\target\classes started by IshwarWani in C:\STS\Workspace\ibm-springboot-demo\ibm-springboot-demo)
2024-05-04T22:55:52.962+05:30  INFO 29920 --- [ibm-springboot-demo] [restartedMain] com.ibm.springboot.demo.App              : No active profile set, falling back to 1 default profile: "default"
2024-05-04T22:55:53.664+05:30  INFO 29920 --- [ibm-springboot-demo] [restartedMain] .s.d.r.c.RepositoryConfigurationDelegate : Bootstrapping Spring Data MongoDB repositories in DEFAULT mode.
2024-05-04T22:55:53.685+05:30  INFO 29920 --- [ibm-springboot-demo] [restartedMain] .s.d.r.c.RepositoryConfigurationDelegate : Finished Spring Data repository scanning in 19 ms. Found 2 MongoDB repository interfaces.
2024-05-04T22:55:54.029+05:30  INFO 29920 --- [ibm-springboot-demo] [restartedMain] o.s.b.w.embedded.tomcat.TomcatWebServer  : Tomcat initialized with port 8090 (http)
2024-05-04T22:55:54.031+05:30  INFO 29920 --- [ibm-springboot-demo] [restartedMain] o.apache.catalina.core.StandardService   : Starting service [Tomcat]
2024-05-04T22:55:54.032+05:30  INFO 29920 --- [ibm-springboot-demo] [restartedMain] o.apache.catalina.core.StandardEngine    : Starting Servlet engine: [Apache Tomcat/10.1.19]
2024-05-04T22:55:54.084+05:30  INFO 29920 --- [ibm-springboot-demo] [restartedMain] o.a.c.c.C.[Tomcat].[localhost].[/]       : Initializing Spring embedded WebApplicationContext
2024-05-04T22:55:54.084+05:30  INFO 29920 --- [ibm-springboot-demo] [restartedMain] w.s.c.ServletWebServerApplicationContext : Root WebApplicationContext: initialization completed in 1118 ms
2024-05-04T22:55:54.246+05:30  INFO 29920 --- [ibm-springboot-demo] [restartedMain] f.a.AutowiredAnnotationBeanPostProcessor : Autowired annotation is not supported on static fields: private static final org.slf4j.Logger com.ibm.springboot.demo.App.LOG
2024-05-04T22:55:54.331+05:30  INFO 29920 --- [ibm-springboot-demo] [restartedMain] org.mongodb.driver.client                : MongoClient with metadata {"driver": {"name": "mongo-java-driver|sync|spring-boot", "version": "4.11.1"}, "os": {"type": "Windows", "name": "Windows 11", "architecture": "amd64", "version": "10.0"}, "platform": "Java/Eclipse Adoptium/17.0.10+7"} created with settings MongoClientSettings{readPreference=primary, writeConcern=WriteConcern{w=null, wTimeout=null ms, journal=null}, retryWrites=true, retryReads=true, readConcern=ReadConcern{level=null}, credential=null, transportSettings=null, streamFactoryFactory=null, commandListeners=[io.micrometer.core.instrument.binder.mongodb.MongoMetricsCommandListener@14e42e9f], codecRegistry=ProvidersCodecRegistry{codecProviders=[ValueCodecProvider{}, BsonValueCodecProvider{}, DBRefCodecProvider{}, DBObjectCodecProvider{}, DocumentCodecProvider{}, CollectionCodecProvider{}, IterableCodecProvider{}, MapCodecProvider{}, GeoJsonCodecProvider{}, GridFSFileCodecProvider{}, Jsr310CodecProvider{}, JsonObjectCodecProvider{}, BsonCodecProvider{}, EnumCodecProvider{}, com.mongodb.client.model.mql.ExpressionCodecProvider@31a5707b, com.mongodb.Jep395RecordCodecProvider@2d375a03, com.mongodb.KotlinCodecProvider@c06e895]}, loggerSettings=LoggerSettings{maxDocumentLength=1000}, clusterSettings={hosts=[localhost:27017], srvServiceName=mongodb, mode=SINGLE, requiredClusterType=UNKNOWN, requiredReplicaSetName='null', serverSelector='null', clusterListeners='[]', serverSelectionTimeout='30000 ms', localThreshold='15 ms'}, socketSettings=SocketSettings{connectTimeoutMS=10000, readTimeoutMS=0, receiveBufferSize=0, proxySettings=ProxySettings{host=null, port=null, username=null, password=null}}, heartbeatSocketSettings=SocketSettings{connectTimeoutMS=10000, readTimeoutMS=10000, receiveBufferSize=0, proxySettings=ProxySettings{host=null, port=null, username=null, password=null}}, connectionPoolSettings=ConnectionPoolSettings{maxSize=100, minSize=0, maxWaitTimeMS=120000, maxConnectionLifeTimeMS=0, maxConnectionIdleTimeMS=0, maintenanceInitialDelayMS=0, maintenanceFrequencyMS=60000, connectionPoolListeners=[io.micrometer.core.instrument.binder.mongodb.MongoMetricsConnectionPoolListener@5e6a4b5a], maxConnecting=2}, serverSettings=ServerSettings{heartbeatFrequencyMS=10000, minHeartbeatFrequencyMS=500, serverListeners='[]', serverMonitorListeners='[]'}, sslSettings=SslSettings{enabled=false, invalidHostNameAllowed=false, context=null}, applicationName='null', compressorList=[], uuidRepresentation=JAVA_LEGACY, serverApi=null, autoEncryptionSettings=null, dnsClient=null, inetAddressResolver=null, contextProvider=null}
2024-05-04T22:55:54.335+05:30  INFO 29920 --- [ibm-springboot-demo] [cluster-ClusterId{value='66366fa22758651f5f3cd17e', description='null'}-localhost:27017] org.mongodb.driver.cluster               : Monitor thread successfully connected to server with description ServerDescription{address=localhost:27017, type=STANDALONE, state=CONNECTED, ok=true, minWireVersion=0, maxWireVersion=21, maxDocumentSize=16777216, logicalSessionTimeoutMinutes=30, roundTripTimeNanos=1853700}
2024-05-04T22:55:54.451+05:30  INFO 29920 --- [ibm-springboot-demo] [restartedMain] o.s.b.d.a.OptionalLiveReloadServer       : LiveReload server is running on port 35729
2024-05-04T22:55:56.282+05:30  INFO 29920 --- [ibm-springboot-demo] [restartedMain] o.s.b.a.e.web.EndpointLinksResolver      : Exposing 15 endpoint(s) beneath base path '/actuator'
2024-05-04T22:55:56.326+05:30  INFO 29920 --- [ibm-springboot-demo] [restartedMain] o.s.b.w.embedded.tomcat.TomcatWebServer  : Tomcat started on port 8090 (http) with context path ''
2024-05-04T22:55:56.339+05:30  INFO 29920 --- [ibm-springboot-demo] [restartedMain] com.ibm.springboot.demo.App              : Started App in 3.42 seconds (process running for 18287.981)
2024-05-04T22:55:56.342+05:30  INFO 29920 --- [ibm-springboot-demo] [restartedMain] .ConditionEvaluationDeltaLoggingListener : Condition evaluation unchanged
